<object-stream>
<org.drools.core.audit.WorkingMemoryLog>
  <version>6.1</version>
  <events>
    <org.drools.core.audit.event.ObjectLogEvent>
      <type>1</type>
      <factId>1</factId>
      <objectToString>com.sample.DroolsTest$Turno@3681037</objectToString>
    </org.drools.core.audit.event.ObjectLogEvent>
    <org.drools.core.audit.event.ObjectLogEvent>
      <type>1</type>
      <factId>2</factId>
      <objectToString>com.sample.DroolsTest$Turno@2cc03cd1</objectToString>
    </org.drools.core.audit.event.ObjectLogEvent>
    <org.drools.core.audit.event.ObjectLogEvent>
      <type>1</type>
      <factId>3</factId>
      <objectToString>com.sample.DroolsTest$Turno@4e17913b</objectToString>
    </org.drools.core.audit.event.ObjectLogEvent>
    <org.drools.core.audit.event.ObjectLogEvent>
      <type>1</type>
      <factId>4</factId>
      <objectToString>com.sample.DroolsTest$Turno@149c3204</objectToString>
    </org.drools.core.audit.event.ObjectLogEvent>
    <org.drools.core.audit.event.ActivationLogEvent>
      <type>4</type>
      <activationId>PriorizarTurnoEmergencia [2]</activationId>
      <rule>PriorizarTurnoEmergencia</rule>
      <declarations>$turno=com.sample.DroolsTest$Turno@2cc03cd1</declarations>
      <factHandleIds>2</factHandleIds>
    </org.drools.core.audit.event.ActivationLogEvent>
    <org.drools.core.audit.event.ActivationLogEvent>
      <type>4</type>
      <activationId>PriorizarTurnoEmergencia [4]</activationId>
      <rule>PriorizarTurnoEmergencia</rule>
      <declarations>$turno=com.sample.DroolsTest$Turno@149c3204</declarations>
      <factHandleIds>4</factHandleIds>
    </org.drools.core.audit.event.ActivationLogEvent>
    <org.drools.core.audit.event.ActivationLogEvent>
      <type>6</type>
      <activationId>PriorizarTurnoEmergencia [2]</activationId>
      <rule>PriorizarTurnoEmergencia</rule>
      <declarations>$turno=com.sample.DroolsTest$Turno@2cc03cd1</declarations>
      <factHandleIds>2</factHandleIds>
    </org.drools.core.audit.event.ActivationLogEvent>
    <org.drools.core.audit.event.ObjectLogEvent>
      <type>2</type>
      <factId>2</factId>
      <objectToString>com.sample.DroolsTest$Turno@2cc03cd1</objectToString>
    </org.drools.core.audit.event.ObjectLogEvent>
    <org.drools.core.audit.event.ActivationLogEvent>
      <type>7</type>
      <activationId>PriorizarTurnoEmergencia [2]</activationId>
      <rule>PriorizarTurnoEmergencia</rule>
      <declarations>$turno=com.sample.DroolsTest$Turno@2cc03cd1</declarations>
      <factHandleIds>2</factHandleIds>
    </org.drools.core.audit.event.ActivationLogEvent>
    <org.drools.core.audit.event.ActivationLogEvent>
      <type>6</type>
      <activationId>PriorizarTurnoEmergencia [4]</activationId>
      <rule>PriorizarTurnoEmergencia</rule>
      <declarations>$turno=com.sample.DroolsTest$Turno@149c3204</declarations>
      <factHandleIds>4</factHandleIds>
    </org.drools.core.audit.event.ActivationLogEvent>
    <org.drools.core.audit.event.ObjectLogEvent>
      <type>2</type>
      <factId>4</factId>
      <objectToString>com.sample.DroolsTest$Turno@149c3204</objectToString>
    </org.drools.core.audit.event.ObjectLogEvent>
    <org.drools.core.audit.event.ActivationLogEvent>
      <type>7</type>
      <activationId>PriorizarTurnoEmergencia [4]</activationId>
      <rule>PriorizarTurnoEmergencia</rule>
      <declarations>$turno=com.sample.DroolsTest$Turno@149c3204</declarations>
      <factHandleIds>4</factHandleIds>
    </org.drools.core.audit.event.ActivationLogEvent>
    <org.drools.core.audit.event.ActivationLogEvent>
      <type>4</type>
      <activationId>Asignacion de prioridad usando la gravedad [4, 5, 12]</activationId>
      <rule>Asignacion de prioridad usando la gravedad</rule>
      <declarations>$afeccion=com.sample.DroolsTest$Afeccion@71ad3d8a; $turno=com.sample.DroolsTest$Turno@149c3204; $paciente=com.sample.DroolsTest$Paciente@3901f6af</declarations>
      <factHandleIds>4,5,12</factHandleIds>
    </org.drools.core.audit.event.ActivationLogEvent>
    <org.drools.core.audit.event.ActivationLogEvent>
      <type>4</type>
      <activationId>Asignacion de prioridad usando la gravedad [3, 6, 11]</activationId>
      <rule>Asignacion de prioridad usando la gravedad</rule>
      <declarations>$afeccion=com.sample.DroolsTest$Afeccion@700f518a; $turno=com.sample.DroolsTest$Turno@4e17913b; $paciente=com.sample.DroolsTest$Paciente@602ae7b6</declarations>
      <factHandleIds>3,6,11</factHandleIds>
    </org.drools.core.audit.event.ActivationLogEvent>
    <org.drools.core.audit.event.ActivationLogEvent>
      <type>4</type>
      <activationId>Asignacion de prioridad usando la gravedad [2, 7, 10]</activationId>
      <rule>Asignacion de prioridad usando la gravedad</rule>
      <declarations>$afeccion=com.sample.DroolsTest$Afeccion@47af099e; $turno=com.sample.DroolsTest$Turno@2cc03cd1; $paciente=com.sample.DroolsTest$Paciente@10cd6753</declarations>
      <factHandleIds>2,7,10</factHandleIds>
    </org.drools.core.audit.event.ActivationLogEvent>
    <org.drools.core.audit.event.ActivationLogEvent>
      <type>4</type>
      <activationId>Asignacion de prioridad usando la gravedad [1, 8, 9]</activationId>
      <rule>Asignacion de prioridad usando la gravedad</rule>
      <declarations>$afeccion=com.sample.DroolsTest$Afeccion@71ad3d8a; $turno=com.sample.DroolsTest$Turno@3681037; $paciente=com.sample.DroolsTest$Paciente@3901f6af</declarations>
      <factHandleIds>1,8,9</factHandleIds>
    </org.drools.core.audit.event.ActivationLogEvent>
    <org.drools.core.audit.event.ActivationLogEvent>
      <type>6</type>
      <activationId>Asignacion de prioridad usando la gravedad [4, 5, 12]</activationId>
      <rule>Asignacion de prioridad usando la gravedad</rule>
      <declarations>$afeccion=com.sample.DroolsTest$Afeccion@71ad3d8a; $turno=com.sample.DroolsTest$Turno@149c3204; $paciente=com.sample.DroolsTest$Paciente@3901f6af</declarations>
      <factHandleIds>4,5,12</factHandleIds>
    </org.drools.core.audit.event.ActivationLogEvent>
    <org.drools.core.audit.event.ObjectLogEvent>
      <type>2</type>
      <factId>4</factId>
      <objectToString>com.sample.DroolsTest$Turno@149c3204</objectToString>
    </org.drools.core.audit.event.ObjectLogEvent>
    <org.drools.core.audit.event.ActivationLogEvent>
      <type>7</type>
      <activationId>Asignacion de prioridad usando la gravedad [4, 5, 12]</activationId>
      <rule>Asignacion de prioridad usando la gravedad</rule>
      <declarations>$afeccion=com.sample.DroolsTest$Afeccion@71ad3d8a; $turno=com.sample.DroolsTest$Turno@149c3204; $paciente=com.sample.DroolsTest$Paciente@3901f6af</declarations>
      <factHandleIds>4,5,12</factHandleIds>
    </org.drools.core.audit.event.ActivationLogEvent>
    <org.drools.core.audit.event.ActivationLogEvent>
      <type>6</type>
      <activationId>Asignacion de prioridad usando la gravedad [3, 6, 11]</activationId>
      <rule>Asignacion de prioridad usando la gravedad</rule>
      <declarations>$afeccion=com.sample.DroolsTest$Afeccion@700f518a; $turno=com.sample.DroolsTest$Turno@4e17913b; $paciente=com.sample.DroolsTest$Paciente@602ae7b6</declarations>
      <factHandleIds>3,6,11</factHandleIds>
    </org.drools.core.audit.event.ActivationLogEvent>
    <org.drools.core.audit.event.ObjectLogEvent>
      <type>2</type>
      <factId>3</factId>
      <objectToString>com.sample.DroolsTest$Turno@4e17913b</objectToString>
    </org.drools.core.audit.event.ObjectLogEvent>
    <org.drools.core.audit.event.ActivationLogEvent>
      <type>7</type>
      <activationId>Asignacion de prioridad usando la gravedad [3, 6, 11]</activationId>
      <rule>Asignacion de prioridad usando la gravedad</rule>
      <declarations>$afeccion=com.sample.DroolsTest$Afeccion@700f518a; $turno=com.sample.DroolsTest$Turno@4e17913b; $paciente=com.sample.DroolsTest$Paciente@602ae7b6</declarations>
      <factHandleIds>3,6,11</factHandleIds>
    </org.drools.core.audit.event.ActivationLogEvent>
    <org.drools.core.audit.event.ActivationLogEvent>
      <type>6</type>
      <activationId>Asignacion de prioridad usando la gravedad [2, 7, 10]</activationId>
      <rule>Asignacion de prioridad usando la gravedad</rule>
      <declarations>$afeccion=com.sample.DroolsTest$Afeccion@47af099e; $turno=com.sample.DroolsTest$Turno@2cc03cd1; $paciente=com.sample.DroolsTest$Paciente@10cd6753</declarations>
      <factHandleIds>2,7,10</factHandleIds>
    </org.drools.core.audit.event.ActivationLogEvent>
    <org.drools.core.audit.event.ObjectLogEvent>
      <type>2</type>
      <factId>2</factId>
      <objectToString>com.sample.DroolsTest$Turno@2cc03cd1</objectToString>
    </org.drools.core.audit.event.ObjectLogEvent>
    <org.drools.core.audit.event.ActivationLogEvent>
      <type>7</type>
      <activationId>Asignacion de prioridad usando la gravedad [2, 7, 10]</activationId>
      <rule>Asignacion de prioridad usando la gravedad</rule>
      <declarations>$afeccion=com.sample.DroolsTest$Afeccion@47af099e; $turno=com.sample.DroolsTest$Turno@2cc03cd1; $paciente=com.sample.DroolsTest$Paciente@10cd6753</declarations>
      <factHandleIds>2,7,10</factHandleIds>
    </org.drools.core.audit.event.ActivationLogEvent>
    <org.drools.core.audit.event.ActivationLogEvent>
      <type>6</type>
      <activationId>Asignacion de prioridad usando la gravedad [1, 8, 9]</activationId>
      <rule>Asignacion de prioridad usando la gravedad</rule>
      <declarations>$afeccion=com.sample.DroolsTest$Afeccion@71ad3d8a; $turno=com.sample.DroolsTest$Turno@3681037; $paciente=com.sample.DroolsTest$Paciente@3901f6af</declarations>
      <factHandleIds>1,8,9</factHandleIds>
    </org.drools.core.audit.event.ActivationLogEvent>
    <org.drools.core.audit.event.ObjectLogEvent>
      <type>2</type>
      <factId>1</factId>
      <objectToString>com.sample.DroolsTest$Turno@3681037</objectToString>
    </org.drools.core.audit.event.ObjectLogEvent>
    <org.drools.core.audit.event.ActivationLogEvent>
      <type>7</type>
      <activationId>Asignacion de prioridad usando la gravedad [1, 8, 9]</activationId>
      <rule>Asignacion de prioridad usando la gravedad</rule>
      <declarations>$afeccion=com.sample.DroolsTest$Afeccion@71ad3d8a; $turno=com.sample.DroolsTest$Turno@3681037; $paciente=com.sample.DroolsTest$Paciente@3901f6af</declarations>
      <factHandleIds>1,8,9</factHandleIds>
    </org.drools.core.audit.event.ActivationLogEvent>
  </events>
</org.drools.core.audit.WorkingMemoryLog>
</object-stream>
