<object-stream>
<org.drools.core.audit.WorkingMemoryLog>
  <version>6.1</version>
  <events>
    <org.drools.core.audit.event.ObjectLogEvent>
      <type>1</type>
      <factId>1</factId>
      <objectToString>com.sample.DroolsTest$Turno@1dc76fa1</objectToString>
    </org.drools.core.audit.event.ObjectLogEvent>
    <org.drools.core.audit.event.ObjectLogEvent>
      <type>1</type>
      <factId>2</factId>
      <objectToString>com.sample.DroolsTest$Turno@64f16277</objectToString>
    </org.drools.core.audit.event.ObjectLogEvent>
    <org.drools.core.audit.event.ObjectLogEvent>
      <type>1</type>
      <factId>3</factId>
      <objectToString>com.sample.DroolsTest$Turno@497aec8c</objectToString>
    </org.drools.core.audit.event.ObjectLogEvent>
    <org.drools.core.audit.event.ObjectLogEvent>
      <type>1</type>
      <factId>4</factId>
      <objectToString>com.sample.DroolsTest$Turno@3b9632d1</objectToString>
    </org.drools.core.audit.event.ObjectLogEvent>
    <org.drools.core.audit.event.ActivationLogEvent>
      <type>4</type>
      <activationId>PriorizarTurnoEmergencia [2]</activationId>
      <rule>PriorizarTurnoEmergencia</rule>
      <declarations>$turno=com.sample.DroolsTest$Turno@64f16277</declarations>
      <factHandleIds>2</factHandleIds>
    </org.drools.core.audit.event.ActivationLogEvent>
    <org.drools.core.audit.event.ActivationLogEvent>
      <type>4</type>
      <activationId>PriorizarTurnoEmergencia [4]</activationId>
      <rule>PriorizarTurnoEmergencia</rule>
      <declarations>$turno=com.sample.DroolsTest$Turno@3b9632d1</declarations>
      <factHandleIds>4</factHandleIds>
    </org.drools.core.audit.event.ActivationLogEvent>
    <org.drools.core.audit.event.ActivationLogEvent>
      <type>4</type>
      <activationId>AsignacionPrioridadGravedad [4, 5, 12]</activationId>
      <rule>AsignacionPrioridadGravedad</rule>
      <declarations>$afeccion=com.sample.DroolsTest$Afeccion@222afc67; $turno=com.sample.DroolsTest$Turno@3b9632d1; $paciente=com.sample.DroolsTest$Paciente@6fd12c5</declarations>
      <factHandleIds>4,5,12</factHandleIds>
    </org.drools.core.audit.event.ActivationLogEvent>
    <org.drools.core.audit.event.ActivationLogEvent>
      <type>4</type>
      <activationId>AsignacionPrioridadGravedad [3, 6, 11]</activationId>
      <rule>AsignacionPrioridadGravedad</rule>
      <declarations>$afeccion=com.sample.DroolsTest$Afeccion@54f4a7f0; $turno=com.sample.DroolsTest$Turno@497aec8c; $paciente=com.sample.DroolsTest$Paciente@1de0a46c</declarations>
      <factHandleIds>3,6,11</factHandleIds>
    </org.drools.core.audit.event.ActivationLogEvent>
    <org.drools.core.audit.event.ActivationLogEvent>
      <type>4</type>
      <activationId>AsignacionPrioridadGravedad [2, 7, 10]</activationId>
      <rule>AsignacionPrioridadGravedad</rule>
      <declarations>$afeccion=com.sample.DroolsTest$Afeccion@4c2fb9dd; $turno=com.sample.DroolsTest$Turno@64f16277; $paciente=com.sample.DroolsTest$Paciente@4d1f1ff5</declarations>
      <factHandleIds>2,7,10</factHandleIds>
    </org.drools.core.audit.event.ActivationLogEvent>
    <org.drools.core.audit.event.ActivationLogEvent>
      <type>4</type>
      <activationId>AsignacionPrioridadGravedad [1, 8, 9]</activationId>
      <rule>AsignacionPrioridadGravedad</rule>
      <declarations>$afeccion=com.sample.DroolsTest$Afeccion@222afc67; $turno=com.sample.DroolsTest$Turno@1dc76fa1; $paciente=com.sample.DroolsTest$Paciente@6fd12c5</declarations>
      <factHandleIds>1,8,9</factHandleIds>
    </org.drools.core.audit.event.ActivationLogEvent>
    <org.drools.core.audit.event.ActivationLogEvent>
      <type>6</type>
      <activationId>AsignacionPrioridadGravedad [4, 5, 12]</activationId>
      <rule>AsignacionPrioridadGravedad</rule>
      <declarations>$afeccion=com.sample.DroolsTest$Afeccion@222afc67; $turno=com.sample.DroolsTest$Turno@3b9632d1; $paciente=com.sample.DroolsTest$Paciente@6fd12c5</declarations>
      <factHandleIds>4,5,12</factHandleIds>
    </org.drools.core.audit.event.ActivationLogEvent>
    <org.drools.core.audit.event.ObjectLogEvent>
      <type>2</type>
      <factId>4</factId>
      <objectToString>com.sample.DroolsTest$Turno@3b9632d1</objectToString>
    </org.drools.core.audit.event.ObjectLogEvent>
    <org.drools.core.audit.event.ActivationLogEvent>
      <type>7</type>
      <activationId>AsignacionPrioridadGravedad [4, 5, 12]</activationId>
      <rule>AsignacionPrioridadGravedad</rule>
      <declarations>$afeccion=com.sample.DroolsTest$Afeccion@222afc67; $turno=com.sample.DroolsTest$Turno@3b9632d1; $paciente=com.sample.DroolsTest$Paciente@6fd12c5</declarations>
      <factHandleIds>4,5,12</factHandleIds>
    </org.drools.core.audit.event.ActivationLogEvent>
    <org.drools.core.audit.event.ActivationLogEvent>
      <type>6</type>
      <activationId>AsignacionPrioridadGravedad [3, 6, 11]</activationId>
      <rule>AsignacionPrioridadGravedad</rule>
      <declarations>$afeccion=com.sample.DroolsTest$Afeccion@54f4a7f0; $turno=com.sample.DroolsTest$Turno@497aec8c; $paciente=com.sample.DroolsTest$Paciente@1de0a46c</declarations>
      <factHandleIds>3,6,11</factHandleIds>
    </org.drools.core.audit.event.ActivationLogEvent>
    <org.drools.core.audit.event.ObjectLogEvent>
      <type>2</type>
      <factId>3</factId>
      <objectToString>com.sample.DroolsTest$Turno@497aec8c</objectToString>
    </org.drools.core.audit.event.ObjectLogEvent>
    <org.drools.core.audit.event.ActivationLogEvent>
      <type>7</type>
      <activationId>AsignacionPrioridadGravedad [3, 6, 11]</activationId>
      <rule>AsignacionPrioridadGravedad</rule>
      <declarations>$afeccion=com.sample.DroolsTest$Afeccion@54f4a7f0; $turno=com.sample.DroolsTest$Turno@497aec8c; $paciente=com.sample.DroolsTest$Paciente@1de0a46c</declarations>
      <factHandleIds>3,6,11</factHandleIds>
    </org.drools.core.audit.event.ActivationLogEvent>
    <org.drools.core.audit.event.ActivationLogEvent>
      <type>6</type>
      <activationId>AsignacionPrioridadGravedad [2, 7, 10]</activationId>
      <rule>AsignacionPrioridadGravedad</rule>
      <declarations>$afeccion=com.sample.DroolsTest$Afeccion@4c2fb9dd; $turno=com.sample.DroolsTest$Turno@64f16277; $paciente=com.sample.DroolsTest$Paciente@4d1f1ff5</declarations>
      <factHandleIds>2,7,10</factHandleIds>
    </org.drools.core.audit.event.ActivationLogEvent>
    <org.drools.core.audit.event.ObjectLogEvent>
      <type>2</type>
      <factId>2</factId>
      <objectToString>com.sample.DroolsTest$Turno@64f16277</objectToString>
    </org.drools.core.audit.event.ObjectLogEvent>
    <org.drools.core.audit.event.ActivationLogEvent>
      <type>7</type>
      <activationId>AsignacionPrioridadGravedad [2, 7, 10]</activationId>
      <rule>AsignacionPrioridadGravedad</rule>
      <declarations>$afeccion=com.sample.DroolsTest$Afeccion@4c2fb9dd; $turno=com.sample.DroolsTest$Turno@64f16277; $paciente=com.sample.DroolsTest$Paciente@4d1f1ff5</declarations>
      <factHandleIds>2,7,10</factHandleIds>
    </org.drools.core.audit.event.ActivationLogEvent>
    <org.drools.core.audit.event.ActivationLogEvent>
      <type>6</type>
      <activationId>AsignacionPrioridadGravedad [1, 8, 9]</activationId>
      <rule>AsignacionPrioridadGravedad</rule>
      <declarations>$afeccion=com.sample.DroolsTest$Afeccion@222afc67; $turno=com.sample.DroolsTest$Turno@1dc76fa1; $paciente=com.sample.DroolsTest$Paciente@6fd12c5</declarations>
      <factHandleIds>1,8,9</factHandleIds>
    </org.drools.core.audit.event.ActivationLogEvent>
    <org.drools.core.audit.event.ObjectLogEvent>
      <type>2</type>
      <factId>1</factId>
      <objectToString>com.sample.DroolsTest$Turno@1dc76fa1</objectToString>
    </org.drools.core.audit.event.ObjectLogEvent>
    <org.drools.core.audit.event.ActivationLogEvent>
      <type>7</type>
      <activationId>AsignacionPrioridadGravedad [1, 8, 9]</activationId>
      <rule>AsignacionPrioridadGravedad</rule>
      <declarations>$afeccion=com.sample.DroolsTest$Afeccion@222afc67; $turno=com.sample.DroolsTest$Turno@1dc76fa1; $paciente=com.sample.DroolsTest$Paciente@6fd12c5</declarations>
      <factHandleIds>1,8,9</factHandleIds>
    </org.drools.core.audit.event.ActivationLogEvent>
    <org.drools.core.audit.event.ActivationLogEvent>
      <type>6</type>
      <activationId>PriorizarTurnoEmergencia [2]</activationId>
      <rule>PriorizarTurnoEmergencia</rule>
      <declarations>$turno=com.sample.DroolsTest$Turno@64f16277</declarations>
      <factHandleIds>2</factHandleIds>
    </org.drools.core.audit.event.ActivationLogEvent>
    <org.drools.core.audit.event.ObjectLogEvent>
      <type>2</type>
      <factId>2</factId>
      <objectToString>com.sample.DroolsTest$Turno@64f16277</objectToString>
    </org.drools.core.audit.event.ObjectLogEvent>
    <org.drools.core.audit.event.ActivationLogEvent>
      <type>7</type>
      <activationId>PriorizarTurnoEmergencia [2]</activationId>
      <rule>PriorizarTurnoEmergencia</rule>
      <declarations>$turno=com.sample.DroolsTest$Turno@64f16277</declarations>
      <factHandleIds>2</factHandleIds>
    </org.drools.core.audit.event.ActivationLogEvent>
    <org.drools.core.audit.event.ActivationLogEvent>
      <type>6</type>
      <activationId>PriorizarTurnoEmergencia [4]</activationId>
      <rule>PriorizarTurnoEmergencia</rule>
      <declarations>$turno=com.sample.DroolsTest$Turno@3b9632d1</declarations>
      <factHandleIds>4</factHandleIds>
    </org.drools.core.audit.event.ActivationLogEvent>
    <org.drools.core.audit.event.ObjectLogEvent>
      <type>2</type>
      <factId>4</factId>
      <objectToString>com.sample.DroolsTest$Turno@3b9632d1</objectToString>
    </org.drools.core.audit.event.ObjectLogEvent>
    <org.drools.core.audit.event.ActivationLogEvent>
      <type>7</type>
      <activationId>PriorizarTurnoEmergencia [4]</activationId>
      <rule>PriorizarTurnoEmergencia</rule>
      <declarations>$turno=com.sample.DroolsTest$Turno@3b9632d1</declarations>
      <factHandleIds>4</factHandleIds>
    </org.drools.core.audit.event.ActivationLogEvent>
  </events>
</org.drools.core.audit.WorkingMemoryLog>
</object-stream>
